2020-12-27 16:40:26.172  INFO 3660 --- [main] com.ToolApplication                      : Starting ToolApplication using Java 1.8.0_101 on DESKTOP-61B769Q with PID 3660 (D:\zjt\ideaproject\tool\target\classes started by zjt in D:\zjt\ideaproject\tool)
2020-12-27 16:40:26.182  INFO 3660 --- [main] com.ToolApplication                      : No active profile set, falling back to default profiles: default
2020-12-27 16:40:29.993  INFO 3660 --- [main] .s.d.r.c.RepositoryConfigurationDelegate : Bootstrapping Spring Data MongoDB repositories in DEFAULT mode.
2020-12-27 16:40:30.971  INFO 3660 --- [main] .s.d.r.c.RepositoryConfigurationDelegate : Finished Spring Data repository scanning in 969 ms. Found 0 MongoDB repository interfaces.
2020-12-27 16:40:34.837  INFO 3660 --- [main] o.s.s.c.ThreadPoolTaskScheduler          : Initializing ExecutorService 'taskScheduler'
2020-12-27 16:40:34.891  INFO 3660 --- [main] com.ToolApplication                      : Started ToolApplication in 9.691 seconds (JVM running for 11.816)
2020-12-27 16:40:34.901  INFO 3660 --- [main] c.a.t.exchange.biword.BiWordBootStrap    : 启动 币世界监听程序
2021-01-27 15:48:20.911  INFO 44248 --- [main] com.ToolApplication                      : Starting ToolApplication using Java 1.8.0_202 on xinghang03 with PID 44248 (C:\Users\jintengzhou\Desktop\tool\target\classes started by jintengzhou in C:\Users\jintengzhou\Desktop\tool)
2021-01-27 15:48:20.913  INFO 44248 --- [main] com.ToolApplication                      : No active profile set, falling back to default profiles: default
2021-01-27 15:48:22.267  INFO 44248 --- [main] .s.d.r.c.RepositoryConfigurationDelegate : Bootstrapping Spring Data MongoDB repositories in DEFAULT mode.
2021-01-27 15:48:22.811  INFO 44248 --- [main] .s.d.r.c.RepositoryConfigurationDelegate : Finished Spring Data repository scanning in 541 ms. Found 0 MongoDB repository interfaces.
2021-01-27 15:48:23.786  WARN 44248 --- [main] s.c.a.AnnotationConfigApplicationContext : Exception encountered during context initialization - cancelling refresh attempt: org.springframework.beans.factory.BeanCreationException: Error creating bean with name 'jacksonObjectMapper' defined in class path resource [org/springframework/boot/autoconfigure/jackson/JacksonAutoConfiguration$JacksonObjectMapperConfiguration.class]: Bean instantiation via factory method failed; nested exception is org.springframework.beans.BeanInstantiationException: Failed to instantiate [com.fasterxml.jackson.databind.ObjectMapper]: Factory method 'jacksonObjectMapper' threw exception; nested exception is org.springframework.beans.BeanInstantiationException: Failed to instantiate [com.fasterxml.jackson.datatype.jsr310.JavaTimeModule]: Constructor threw exception; nested exception is java.lang.NoClassDefFoundError: com/fasterxml/jackson/datatype/jsr310/ser/ZoneIdSerializer
2021-01-27 15:48:23.794  INFO 44248 --- [main] ConditionEvaluationReportLoggingListener : 

Error starting ApplicationContext. To display the conditions report re-run your application with 'debug' enabled.
2021-01-27 15:48:23.813 ERROR 44248 --- [main] o.s.boot.SpringApplication               : Application run failed

org.springframework.beans.factory.BeanCreationException: Error creating bean with name 'jacksonObjectMapper' defined in class path resource [org/springframework/boot/autoconfigure/jackson/JacksonAutoConfiguration$JacksonObjectMapperConfiguration.class]: Bean instantiation via factory method failed; nested exception is org.springframework.beans.BeanInstantiationException: Failed to instantiate [com.fasterxml.jackson.databind.ObjectMapper]: Factory method 'jacksonObjectMapper' threw exception; nested exception is org.springframework.beans.BeanInstantiationException: Failed to instantiate [com.fasterxml.jackson.datatype.jsr310.JavaTimeModule]: Constructor threw exception; nested exception is java.lang.NoClassDefFoundError: com/fasterxml/jackson/datatype/jsr310/ser/ZoneIdSerializer
	at org.springframework.beans.factory.support.ConstructorResolver.instantiate(ConstructorResolver.java:658) ~[spring-beans-5.3.2.jar:5.3.2]
	at org.springframework.beans.factory.support.ConstructorResolver.instantiateUsingFactoryMethod(ConstructorResolver.java:638) ~[spring-beans-5.3.2.jar:5.3.2]
	at org.springframework.beans.factory.support.AbstractAutowireCapableBeanFactory.instantiateUsingFactoryMethod(AbstractAutowireCapableBeanFactory.java:1336) ~[spring-beans-5.3.2.jar:5.3.2]
	at org.springframework.beans.factory.support.AbstractAutowireCapableBeanFactory.createBeanInstance(AbstractAutowireCapableBeanFactory.java:1179) ~[spring-beans-5.3.2.jar:5.3.2]
	at org.springframework.beans.factory.support.AbstractAutowireCapableBeanFactory.doCreateBean(AbstractAutowireCapableBeanFactory.java:571) ~[spring-beans-5.3.2.jar:5.3.2]
	at org.springframework.beans.factory.support.AbstractAutowireCapableBeanFactory.createBean(AbstractAutowireCapableBeanFactory.java:531) ~[spring-beans-5.3.2.jar:5.3.2]
	at org.springframework.beans.factory.support.AbstractBeanFactory.lambda$doGetBean$0(AbstractBeanFactory.java:335) ~[spring-beans-5.3.2.jar:5.3.2]
	at org.springframework.beans.factory.support.DefaultSingletonBeanRegistry.getSingleton(DefaultSingletonBeanRegistry.java:234) ~[spring-beans-5.3.2.jar:5.3.2]
	at org.springframework.beans.factory.support.AbstractBeanFactory.doGetBean(AbstractBeanFactory.java:333) ~[spring-beans-5.3.2.jar:5.3.2]
	at org.springframework.beans.factory.support.AbstractBeanFactory.getBean(AbstractBeanFactory.java:208) ~[spring-beans-5.3.2.jar:5.3.2]
	at org.springframework.beans.factory.support.DefaultListableBeanFactory.preInstantiateSingletons(DefaultListableBeanFactory.java:944) ~[spring-beans-5.3.2.jar:5.3.2]
	at org.springframework.context.support.AbstractApplicationContext.finishBeanFactoryInitialization(AbstractApplicationContext.java:923) ~[spring-context-5.3.2.jar:5.3.2]
	at org.springframework.context.support.AbstractApplicationContext.refresh(AbstractApplicationContext.java:588) ~[spring-context-5.3.2.jar:5.3.2]
	at org.springframework.boot.SpringApplication.refresh(SpringApplication.java:767) ~[spring-boot-2.4.1.jar:2.4.1]
	at org.springframework.boot.SpringApplication.refresh(SpringApplication.java:759) ~[spring-boot-2.4.1.jar:2.4.1]
	at org.springframework.boot.SpringApplication.refreshContext(SpringApplication.java:426) ~[spring-boot-2.4.1.jar:2.4.1]
	at org.springframework.boot.SpringApplication.run(SpringApplication.java:326) ~[spring-boot-2.4.1.jar:2.4.1]
	at com.ToolApplication.main(ToolApplication.java:15) [classes/:na]
Caused by: org.springframework.beans.BeanInstantiationException: Failed to instantiate [com.fasterxml.jackson.databind.ObjectMapper]: Factory method 'jacksonObjectMapper' threw exception; nested exception is org.springframework.beans.BeanInstantiationException: Failed to instantiate [com.fasterxml.jackson.datatype.jsr310.JavaTimeModule]: Constructor threw exception; nested exception is java.lang.NoClassDefFoundError: com/fasterxml/jackson/datatype/jsr310/ser/ZoneIdSerializer
	at org.springframework.beans.factory.support.SimpleInstantiationStrategy.instantiate(SimpleInstantiationStrategy.java:185) ~[spring-beans-5.3.2.jar:5.3.2]
	at org.springframework.beans.factory.support.ConstructorResolver.instantiate(ConstructorResolver.java:653) ~[spring-beans-5.3.2.jar:5.3.2]
	... 17 common frames omitted
Caused by: org.springframework.beans.BeanInstantiationException: Failed to instantiate [com.fasterxml.jackson.datatype.jsr310.JavaTimeModule]: Constructor threw exception; nested exception is java.lang.NoClassDefFoundError: com/fasterxml/jackson/datatype/jsr310/ser/ZoneIdSerializer
	at org.springframework.beans.BeanUtils.instantiateClass(BeanUtils.java:225) ~[spring-beans-5.3.2.jar:5.3.2]
	at org.springframework.beans.BeanUtils.instantiateClass(BeanUtils.java:147) ~[spring-beans-5.3.2.jar:5.3.2]
	at org.springframework.http.converter.json.Jackson2ObjectMapperBuilder.registerWellKnownModulesIfAvailable(Jackson2ObjectMapperBuilder.java:837) ~[spring-web-5.3.2.jar:5.3.2]
	at org.springframework.http.converter.json.Jackson2ObjectMapperBuilder.configure(Jackson2ObjectMapperBuilder.java:697) ~[spring-web-5.3.2.jar:5.3.2]
	at org.springframework.http.converter.json.Jackson2ObjectMapperBuilder.build(Jackson2ObjectMapperBuilder.java:680) ~[spring-web-5.3.2.jar:5.3.2]
	at org.springframework.boot.autoconfigure.jackson.JacksonAutoConfiguration$JacksonObjectMapperConfiguration.jacksonObjectMapper(JacksonAutoConfiguration.java:101) ~[spring-boot-autoconfigure-2.4.1.jar:2.4.1]
	at sun.reflect.NativeMethodAccessorImpl.invoke0(Native Method) ~[na:1.8.0_202]
	at sun.reflect.NativeMethodAccessorImpl.invoke(NativeMethodAccessorImpl.java:62) ~[na:1.8.0_202]
	at sun.reflect.DelegatingMethodAccessorImpl.invoke(DelegatingMethodAccessorImpl.java:43) ~[na:1.8.0_202]
	at java.lang.reflect.Method.invoke(Method.java:498) ~[na:1.8.0_202]
	at org.springframework.beans.factory.support.SimpleInstantiationStrategy.instantiate(SimpleInstantiationStrategy.java:154) ~[spring-beans-5.3.2.jar:5.3.2]
	... 18 common frames omitted
Caused by: java.lang.NoClassDefFoundError: com/fasterxml/jackson/datatype/jsr310/ser/ZoneIdSerializer
	at com.fasterxml.jackson.datatype.jsr310.JavaTimeModule.<init>(JavaTimeModule.java:158) ~[jackson-datatype-jsr310-2.11.3.jar:2.11.3]
	at sun.reflect.NativeConstructorAccessorImpl.newInstance0(Native Method) ~[na:1.8.0_202]
	at sun.reflect.NativeConstructorAccessorImpl.newInstance(NativeConstructorAccessorImpl.java:62) ~[na:1.8.0_202]
	at sun.reflect.DelegatingConstructorAccessorImpl.newInstance(DelegatingConstructorAccessorImpl.java:45) ~[na:1.8.0_202]
	at java.lang.reflect.Constructor.newInstance(Constructor.java:423) ~[na:1.8.0_202]
	at org.springframework.beans.BeanUtils.instantiateClass(BeanUtils.java:212) ~[spring-beans-5.3.2.jar:5.3.2]
	... 28 common frames omitted

2021-01-27 15:49:38.125  INFO 43432 --- [main] com.ToolApplication                      : Starting ToolApplication using Java 1.8.0_202 on xinghang03 with PID 43432 (C:\Users\jintengzhou\Desktop\tool\target\classes started by jintengzhou in C:\Users\jintengzhou\Desktop\tool)
2021-01-27 15:49:38.127  INFO 43432 --- [main] com.ToolApplication                      : No active profile set, falling back to default profiles: default
2021-01-27 15:49:39.417  INFO 43432 --- [main] .s.d.r.c.RepositoryConfigurationDelegate : Bootstrapping Spring Data MongoDB repositories in DEFAULT mode.
2021-01-27 15:49:39.926  INFO 43432 --- [main] .s.d.r.c.RepositoryConfigurationDelegate : Finished Spring Data repository scanning in 506 ms. Found 0 MongoDB repository interfaces.
2021-01-27 15:49:41.626  WARN 43432 --- [main] s.c.a.AnnotationConfigApplicationContext : Exception encountered during context initialization - cancelling refresh attempt: org.springframework.beans.factory.BeanCreationException: Error creating bean with name 'jacksonObjectMapper' defined in class path resource [org/springframework/boot/autoconfigure/jackson/JacksonAutoConfiguration$JacksonObjectMapperConfiguration.class]: Bean instantiation via factory method failed; nested exception is org.springframework.beans.BeanInstantiationException: Failed to instantiate [com.fasterxml.jackson.databind.ObjectMapper]: Factory method 'jacksonObjectMapper' threw exception; nested exception is org.springframework.beans.BeanInstantiationException: Failed to instantiate [com.fasterxml.jackson.datatype.jsr310.JavaTimeModule]: Constructor threw exception; nested exception is java.lang.NoClassDefFoundError: com/fasterxml/jackson/datatype/jsr310/ser/ZoneIdSerializer
2021-01-27 15:49:41.633  INFO 43432 --- [main] ConditionEvaluationReportLoggingListener : 

Error starting ApplicationContext. To display the conditions report re-run your application with 'debug' enabled.
2021-01-27 15:49:41.647 ERROR 43432 --- [main] o.s.boot.SpringApplication               : Application run failed

org.springframework.beans.factory.BeanCreationException: Error creating bean with name 'jacksonObjectMapper' defined in class path resource [org/springframework/boot/autoconfigure/jackson/JacksonAutoConfiguration$JacksonObjectMapperConfiguration.class]: Bean instantiation via factory method failed; nested exception is org.springframework.beans.BeanInstantiationException: Failed to instantiate [com.fasterxml.jackson.databind.ObjectMapper]: Factory method 'jacksonObjectMapper' threw exception; nested exception is org.springframework.beans.BeanInstantiationException: Failed to instantiate [com.fasterxml.jackson.datatype.jsr310.JavaTimeModule]: Constructor threw exception; nested exception is java.lang.NoClassDefFoundError: com/fasterxml/jackson/datatype/jsr310/ser/ZoneIdSerializer
	at org.springframework.beans.factory.support.ConstructorResolver.instantiate(ConstructorResolver.java:658) ~[spring-beans-5.3.2.jar:5.3.2]
	at org.springframework.beans.factory.support.ConstructorResolver.instantiateUsingFactoryMethod(ConstructorResolver.java:638) ~[spring-beans-5.3.2.jar:5.3.2]
	at org.springframework.beans.factory.support.AbstractAutowireCapableBeanFactory.instantiateUsingFactoryMethod(AbstractAutowireCapableBeanFactory.java:1336) ~[spring-beans-5.3.2.jar:5.3.2]
	at org.springframework.beans.factory.support.AbstractAutowireCapableBeanFactory.createBeanInstance(AbstractAutowireCapableBeanFactory.java:1179) ~[spring-beans-5.3.2.jar:5.3.2]
	at org.springframework.beans.factory.support.AbstractAutowireCapableBeanFactory.doCreateBean(AbstractAutowireCapableBeanFactory.java:571) ~[spring-beans-5.3.2.jar:5.3.2]
	at org.springframework.beans.factory.support.AbstractAutowireCapableBeanFactory.createBean(AbstractAutowireCapableBeanFactory.java:531) ~[spring-beans-5.3.2.jar:5.3.2]
	at org.springframework.beans.factory.support.AbstractBeanFactory.lambda$doGetBean$0(AbstractBeanFactory.java:335) ~[spring-beans-5.3.2.jar:5.3.2]
	at org.springframework.beans.factory.support.DefaultSingletonBeanRegistry.getSingleton(DefaultSingletonBeanRegistry.java:234) ~[spring-beans-5.3.2.jar:5.3.2]
	at org.springframework.beans.factory.support.AbstractBeanFactory.doGetBean(AbstractBeanFactory.java:333) ~[spring-beans-5.3.2.jar:5.3.2]
	at org.springframework.beans.factory.support.AbstractBeanFactory.getBean(AbstractBeanFactory.java:208) ~[spring-beans-5.3.2.jar:5.3.2]
	at org.springframework.beans.factory.support.DefaultListableBeanFactory.preInstantiateSingletons(DefaultListableBeanFactory.java:944) ~[spring-beans-5.3.2.jar:5.3.2]
	at org.springframework.context.support.AbstractApplicationContext.finishBeanFactoryInitialization(AbstractApplicationContext.java:923) ~[spring-context-5.3.2.jar:5.3.2]
	at org.springframework.context.support.AbstractApplicationContext.refresh(AbstractApplicationContext.java:588) ~[spring-context-5.3.2.jar:5.3.2]
	at org.springframework.boot.SpringApplication.refresh(SpringApplication.java:767) ~[spring-boot-2.4.1.jar:2.4.1]
	at org.springframework.boot.SpringApplication.refresh(SpringApplication.java:759) ~[spring-boot-2.4.1.jar:2.4.1]
	at org.springframework.boot.SpringApplication.refreshContext(SpringApplication.java:426) ~[spring-boot-2.4.1.jar:2.4.1]
	at org.springframework.boot.SpringApplication.run(SpringApplication.java:326) ~[spring-boot-2.4.1.jar:2.4.1]
	at com.ToolApplication.main(ToolApplication.java:15) [classes/:na]
Caused by: org.springframework.beans.BeanInstantiationException: Failed to instantiate [com.fasterxml.jackson.databind.ObjectMapper]: Factory method 'jacksonObjectMapper' threw exception; nested exception is org.springframework.beans.BeanInstantiationException: Failed to instantiate [com.fasterxml.jackson.datatype.jsr310.JavaTimeModule]: Constructor threw exception; nested exception is java.lang.NoClassDefFoundError: com/fasterxml/jackson/datatype/jsr310/ser/ZoneIdSerializer
	at org.springframework.beans.factory.support.SimpleInstantiationStrategy.instantiate(SimpleInstantiationStrategy.java:185) ~[spring-beans-5.3.2.jar:5.3.2]
	at org.springframework.beans.factory.support.ConstructorResolver.instantiate(ConstructorResolver.java:653) ~[spring-beans-5.3.2.jar:5.3.2]
	... 17 common frames omitted
Caused by: org.springframework.beans.BeanInstantiationException: Failed to instantiate [com.fasterxml.jackson.datatype.jsr310.JavaTimeModule]: Constructor threw exception; nested exception is java.lang.NoClassDefFoundError: com/fasterxml/jackson/datatype/jsr310/ser/ZoneIdSerializer
	at org.springframework.beans.BeanUtils.instantiateClass(BeanUtils.java:225) ~[spring-beans-5.3.2.jar:5.3.2]
	at org.springframework.beans.BeanUtils.instantiateClass(BeanUtils.java:147) ~[spring-beans-5.3.2.jar:5.3.2]
	at org.springframework.http.converter.json.Jackson2ObjectMapperBuilder.registerWellKnownModulesIfAvailable(Jackson2ObjectMapperBuilder.java:837) ~[spring-web-5.3.2.jar:5.3.2]
	at org.springframework.http.converter.json.Jackson2ObjectMapperBuilder.configure(Jackson2ObjectMapperBuilder.java:697) ~[spring-web-5.3.2.jar:5.3.2]
	at org.springframework.http.converter.json.Jackson2ObjectMapperBuilder.build(Jackson2ObjectMapperBuilder.java:680) ~[spring-web-5.3.2.jar:5.3.2]
	at org.springframework.boot.autoconfigure.jackson.JacksonAutoConfiguration$JacksonObjectMapperConfiguration.jacksonObjectMapper(JacksonAutoConfiguration.java:101) ~[spring-boot-autoconfigure-2.4.1.jar:2.4.1]
	at sun.reflect.NativeMethodAccessorImpl.invoke0(Native Method) ~[na:1.8.0_202]
	at sun.reflect.NativeMethodAccessorImpl.invoke(NativeMethodAccessorImpl.java:62) ~[na:1.8.0_202]
	at sun.reflect.DelegatingMethodAccessorImpl.invoke(DelegatingMethodAccessorImpl.java:43) ~[na:1.8.0_202]
	at java.lang.reflect.Method.invoke(Method.java:498) ~[na:1.8.0_202]
	at org.springframework.beans.factory.support.SimpleInstantiationStrategy.instantiate(SimpleInstantiationStrategy.java:154) ~[spring-beans-5.3.2.jar:5.3.2]
	... 18 common frames omitted
Caused by: java.lang.NoClassDefFoundError: com/fasterxml/jackson/datatype/jsr310/ser/ZoneIdSerializer
	at com.fasterxml.jackson.datatype.jsr310.JavaTimeModule.<init>(JavaTimeModule.java:158) ~[jackson-datatype-jsr310-2.11.3.jar:2.11.3]
	at sun.reflect.NativeConstructorAccessorImpl.newInstance0(Native Method) ~[na:1.8.0_202]
	at sun.reflect.NativeConstructorAccessorImpl.newInstance(NativeConstructorAccessorImpl.java:62) ~[na:1.8.0_202]
	at sun.reflect.DelegatingConstructorAccessorImpl.newInstance(DelegatingConstructorAccessorImpl.java:45) ~[na:1.8.0_202]
	at java.lang.reflect.Constructor.newInstance(Constructor.java:423) ~[na:1.8.0_202]
	at org.springframework.beans.BeanUtils.instantiateClass(BeanUtils.java:212) ~[spring-beans-5.3.2.jar:5.3.2]
	... 28 common frames omitted

2021-01-27 15:52:02.545  INFO 29996 --- [main] com.ToolApplication                      : Starting ToolApplication using Java 1.8.0_202 on xinghang03 with PID 29996 (C:\Users\jintengzhou\Desktop\tool\target\classes started by jintengzhou in C:\Users\jintengzhou\Desktop\tool)
2021-01-27 15:52:02.548  INFO 29996 --- [main] com.ToolApplication                      : No active profile set, falling back to default profiles: default
2021-01-27 15:52:03.999  INFO 29996 --- [main] .s.d.r.c.RepositoryConfigurationDelegate : Bootstrapping Spring Data MongoDB repositories in DEFAULT mode.
2021-01-27 15:52:04.513  INFO 29996 --- [main] .s.d.r.c.RepositoryConfigurationDelegate : Finished Spring Data repository scanning in 511 ms. Found 0 MongoDB repository interfaces.
2021-01-27 15:52:05.713  WARN 29996 --- [main] s.c.a.AnnotationConfigApplicationContext : Exception encountered during context initialization - cancelling refresh attempt: org.springframework.beans.factory.BeanCreationException: Error creating bean with name 'jacksonObjectMapper' defined in class path resource [org/springframework/boot/autoconfigure/jackson/JacksonAutoConfiguration$JacksonObjectMapperConfiguration.class]: Bean instantiation via factory method failed; nested exception is org.springframework.beans.BeanInstantiationException: Failed to instantiate [com.fasterxml.jackson.databind.ObjectMapper]: Factory method 'jacksonObjectMapper' threw exception; nested exception is org.springframework.beans.BeanInstantiationException: Failed to instantiate [com.fasterxml.jackson.datatype.jsr310.JavaTimeModule]: Constructor threw exception; nested exception is java.lang.NoClassDefFoundError: com/fasterxml/jackson/datatype/jsr310/ser/ZoneIdSerializer
2021-01-27 15:52:05.735  INFO 29996 --- [main] ConditionEvaluationReportLoggingListener : 

Error starting ApplicationContext. To display the conditions report re-run your application with 'debug' enabled.
2021-01-27 15:52:05.750 ERROR 29996 --- [main] o.s.boot.SpringApplication               : Application run failed

org.springframework.beans.factory.BeanCreationException: Error creating bean with name 'jacksonObjectMapper' defined in class path resource [org/springframework/boot/autoconfigure/jackson/JacksonAutoConfiguration$JacksonObjectMapperConfiguration.class]: Bean instantiation via factory method failed; nested exception is org.springframework.beans.BeanInstantiationException: Failed to instantiate [com.fasterxml.jackson.databind.ObjectMapper]: Factory method 'jacksonObjectMapper' threw exception; nested exception is org.springframework.beans.BeanInstantiationException: Failed to instantiate [com.fasterxml.jackson.datatype.jsr310.JavaTimeModule]: Constructor threw exception; nested exception is java.lang.NoClassDefFoundError: com/fasterxml/jackson/datatype/jsr310/ser/ZoneIdSerializer
	at org.springframework.beans.factory.support.ConstructorResolver.instantiate(ConstructorResolver.java:658) ~[spring-beans-5.3.2.jar:5.3.2]
	at org.springframework.beans.factory.support.ConstructorResolver.instantiateUsingFactoryMethod(ConstructorResolver.java:638) ~[spring-beans-5.3.2.jar:5.3.2]
	at org.springframework.beans.factory.support.AbstractAutowireCapableBeanFactory.instantiateUsingFactoryMethod(AbstractAutowireCapableBeanFactory.java:1336) ~[spring-beans-5.3.2.jar:5.3.2]
	at org.springframework.beans.factory.support.AbstractAutowireCapableBeanFactory.createBeanInstance(AbstractAutowireCapableBeanFactory.java:1179) ~[spring-beans-5.3.2.jar:5.3.2]
	at org.springframework.beans.factory.support.AbstractAutowireCapableBeanFactory.doCreateBean(AbstractAutowireCapableBeanFactory.java:571) ~[spring-beans-5.3.2.jar:5.3.2]
	at org.springframework.beans.factory.support.AbstractAutowireCapableBeanFactory.createBean(AbstractAutowireCapableBeanFactory.java:531) ~[spring-beans-5.3.2.jar:5.3.2]
	at org.springframework.beans.factory.support.AbstractBeanFactory.lambda$doGetBean$0(AbstractBeanFactory.java:335) ~[spring-beans-5.3.2.jar:5.3.2]
	at org.springframework.beans.factory.support.DefaultSingletonBeanRegistry.getSingleton(DefaultSingletonBeanRegistry.java:234) ~[spring-beans-5.3.2.jar:5.3.2]
	at org.springframework.beans.factory.support.AbstractBeanFactory.doGetBean(AbstractBeanFactory.java:333) ~[spring-beans-5.3.2.jar:5.3.2]
	at org.springframework.beans.factory.support.AbstractBeanFactory.getBean(AbstractBeanFactory.java:208) ~[spring-beans-5.3.2.jar:5.3.2]
	at org.springframework.beans.factory.support.DefaultListableBeanFactory.preInstantiateSingletons(DefaultListableBeanFactory.java:944) ~[spring-beans-5.3.2.jar:5.3.2]
	at org.springframework.context.support.AbstractApplicationContext.finishBeanFactoryInitialization(AbstractApplicationContext.java:923) ~[spring-context-5.3.2.jar:5.3.2]
	at org.springframework.context.support.AbstractApplicationContext.refresh(AbstractApplicationContext.java:588) ~[spring-context-5.3.2.jar:5.3.2]
	at org.springframework.boot.SpringApplication.refresh(SpringApplication.java:767) ~[spring-boot-2.4.1.jar:2.4.1]
	at org.springframework.boot.SpringApplication.refresh(SpringApplication.java:759) ~[spring-boot-2.4.1.jar:2.4.1]
	at org.springframework.boot.SpringApplication.refreshContext(SpringApplication.java:426) ~[spring-boot-2.4.1.jar:2.4.1]
	at org.springframework.boot.SpringApplication.run(SpringApplication.java:326) ~[spring-boot-2.4.1.jar:2.4.1]
	at com.ToolApplication.main(ToolApplication.java:15) [classes/:na]
Caused by: org.springframework.beans.BeanInstantiationException: Failed to instantiate [com.fasterxml.jackson.databind.ObjectMapper]: Factory method 'jacksonObjectMapper' threw exception; nested exception is org.springframework.beans.BeanInstantiationException: Failed to instantiate [com.fasterxml.jackson.datatype.jsr310.JavaTimeModule]: Constructor threw exception; nested exception is java.lang.NoClassDefFoundError: com/fasterxml/jackson/datatype/jsr310/ser/ZoneIdSerializer
	at org.springframework.beans.factory.support.SimpleInstantiationStrategy.instantiate(SimpleInstantiationStrategy.java:185) ~[spring-beans-5.3.2.jar:5.3.2]
	at org.springframework.beans.factory.support.ConstructorResolver.instantiate(ConstructorResolver.java:653) ~[spring-beans-5.3.2.jar:5.3.2]
	... 17 common frames omitted
Caused by: org.springframework.beans.BeanInstantiationException: Failed to instantiate [com.fasterxml.jackson.datatype.jsr310.JavaTimeModule]: Constructor threw exception; nested exception is java.lang.NoClassDefFoundError: com/fasterxml/jackson/datatype/jsr310/ser/ZoneIdSerializer
	at org.springframework.beans.BeanUtils.instantiateClass(BeanUtils.java:225) ~[spring-beans-5.3.2.jar:5.3.2]
	at org.springframework.beans.BeanUtils.instantiateClass(BeanUtils.java:147) ~[spring-beans-5.3.2.jar:5.3.2]
	at org.springframework.http.converter.json.Jackson2ObjectMapperBuilder.registerWellKnownModulesIfAvailable(Jackson2ObjectMapperBuilder.java:837) ~[spring-web-5.3.2.jar:5.3.2]
	at org.springframework.http.converter.json.Jackson2ObjectMapperBuilder.configure(Jackson2ObjectMapperBuilder.java:697) ~[spring-web-5.3.2.jar:5.3.2]
	at org.springframework.http.converter.json.Jackson2ObjectMapperBuilder.build(Jackson2ObjectMapperBuilder.java:680) ~[spring-web-5.3.2.jar:5.3.2]
	at org.springframework.boot.autoconfigure.jackson.JacksonAutoConfiguration$JacksonObjectMapperConfiguration.jacksonObjectMapper(JacksonAutoConfiguration.java:101) ~[spring-boot-autoconfigure-2.4.1.jar:2.4.1]
	at sun.reflect.NativeMethodAccessorImpl.invoke0(Native Method) ~[na:1.8.0_202]
	at sun.reflect.NativeMethodAccessorImpl.invoke(NativeMethodAccessorImpl.java:62) ~[na:1.8.0_202]
	at sun.reflect.DelegatingMethodAccessorImpl.invoke(DelegatingMethodAccessorImpl.java:43) ~[na:1.8.0_202]
	at java.lang.reflect.Method.invoke(Method.java:498) ~[na:1.8.0_202]
	at org.springframework.beans.factory.support.SimpleInstantiationStrategy.instantiate(SimpleInstantiationStrategy.java:154) ~[spring-beans-5.3.2.jar:5.3.2]
	... 18 common frames omitted
Caused by: java.lang.NoClassDefFoundError: com/fasterxml/jackson/datatype/jsr310/ser/ZoneIdSerializer
	at com.fasterxml.jackson.datatype.jsr310.JavaTimeModule.<init>(JavaTimeModule.java:158) ~[jackson-datatype-jsr310-2.11.3.jar:2.11.3]
	at sun.reflect.NativeConstructorAccessorImpl.newInstance0(Native Method) ~[na:1.8.0_202]
	at sun.reflect.NativeConstructorAccessorImpl.newInstance(NativeConstructorAccessorImpl.java:62) ~[na:1.8.0_202]
	at sun.reflect.DelegatingConstructorAccessorImpl.newInstance(DelegatingConstructorAccessorImpl.java:45) ~[na:1.8.0_202]
	at java.lang.reflect.Constructor.newInstance(Constructor.java:423) ~[na:1.8.0_202]
	at org.springframework.beans.BeanUtils.instantiateClass(BeanUtils.java:212) ~[spring-beans-5.3.2.jar:5.3.2]
	... 28 common frames omitted

2021-01-27 15:52:54.175  INFO 36592 --- [main] com.ToolApplication                      : Starting ToolApplication using Java 1.8.0_202 on xinghang03 with PID 36592 (C:\Users\jintengzhou\Desktop\tool\target\classes started by jintengzhou in C:\Users\jintengzhou\Desktop\tool)
2021-01-27 15:52:54.177  INFO 36592 --- [main] com.ToolApplication                      : No active profile set, falling back to default profiles: default
2021-01-27 15:52:55.504  INFO 36592 --- [main] .s.d.r.c.RepositoryConfigurationDelegate : Bootstrapping Spring Data MongoDB repositories in DEFAULT mode.
2021-01-27 15:52:56.023  INFO 36592 --- [main] .s.d.r.c.RepositoryConfigurationDelegate : Finished Spring Data repository scanning in 516 ms. Found 0 MongoDB repository interfaces.
2021-01-27 15:52:56.868  INFO 36592 --- [main] o.s.s.c.ThreadPoolTaskScheduler          : Initializing ExecutorService 'taskScheduler'
2021-01-27 15:52:56.884  INFO 36592 --- [main] com.ToolApplication                      : Started ToolApplication in 2.965 seconds (JVM running for 3.396)
2021-01-27 15:52:56.887  INFO 36592 --- [main] c.a.t.exchange.biword.BiWordBootStrap    : 启动 币世界监听程序
2021-01-27 15:52:58.217  INFO 36592 --- [scheduling-1] c.a.tool.baijiahao.task.BaiJiaHaoTask    : 获取要上传的视频 videoInformationList=[]
2021-01-27 15:52:58.298  INFO 36592 --- [scheduling-1] c.a.tool.baijiahao.task.BaiJiaHaoTask    : 开始下载视频 videoInformationList=[]
2021-01-27 15:52:58.991  INFO 36592 --- [scheduling-1] c.a.tool.baijiahao.task.BaiJiaHaoTask    : 开始下载视频 videoInformationList=[]
2021-01-27 15:52:59.211  INFO 36592 --- [scheduling-1] c.a.tool.baijiahao.task.BaiJiaHaoTask    : 获取要上传的视频 videoInformationList=[]
2021-01-27 15:52:59.982  INFO 36592 --- [scheduling-1] c.a.tool.baijiahao.task.BaiJiaHaoTask    : 开始下载视频 videoInformationList=[]
2021-01-27 15:53:04.616  INFO 25176 --- [main] com.ToolApplication                      : Starting ToolApplication using Java 1.8.0_202 on xinghang03 with PID 25176 (C:\Users\jintengzhou\Desktop\tool\target\classes started by jintengzhou in C:\Users\jintengzhou\Desktop\tool)
2021-01-27 15:53:04.618  INFO 25176 --- [main] com.ToolApplication                      : No active profile set, falling back to default profiles: default
2021-01-27 15:53:05.886  INFO 25176 --- [main] .s.d.r.c.RepositoryConfigurationDelegate : Bootstrapping Spring Data MongoDB repositories in DEFAULT mode.
2021-01-27 15:53:06.413  INFO 25176 --- [main] .s.d.r.c.RepositoryConfigurationDelegate : Finished Spring Data repository scanning in 524 ms. Found 0 MongoDB repository interfaces.
2021-01-27 15:53:07.231  INFO 25176 --- [main] o.s.s.c.ThreadPoolTaskScheduler          : Initializing ExecutorService 'taskScheduler'
2021-01-27 15:53:07.250  INFO 25176 --- [main] com.ToolApplication                      : Started ToolApplication in 2.905 seconds (JVM running for 3.312)
2021-01-27 15:53:07.252  INFO 25176 --- [main] c.a.t.exchange.biword.BiWordBootStrap    : 启动 币世界监听程序
2021-01-27 15:53:08.811  INFO 25176 --- [scheduling-1] c.a.tool.baijiahao.task.BaiJiaHaoTask    : 获取要上传的视频 videoInformationList=[]
2021-01-27 15:53:09.174  INFO 25176 --- [scheduling-1] c.a.tool.baijiahao.task.BaiJiaHaoTask    : 开始下载视频 videoInformationList=[]
2021-01-27 15:53:09.795  INFO 25176 --- [scheduling-1] c.a.tool.baijiahao.task.BaiJiaHaoTask    : 获取要上传的视频 videoInformationList=[]
2021-01-27 15:53:09.875  INFO 25176 --- [scheduling-1] c.a.tool.baijiahao.task.BaiJiaHaoTask    : 开始下载视频 videoInformationList=[]
2021-01-27 15:53:10.562  INFO 25176 --- [scheduling-1] c.a.tool.baijiahao.task.BaiJiaHaoTask    : 开始下载视频 videoInformationList=[]
2021-01-27 15:53:10.779  INFO 25176 --- [scheduling-1] c.a.tool.baijiahao.task.BaiJiaHaoTask    : 获取要上传的视频 videoInformationList=[]
2021-01-27 15:53:11.249  INFO 25176 --- [scheduling-1] c.a.tool.baijiahao.task.BaiJiaHaoTask    : 开始下载视频 videoInformationList=[]
2021-01-27 15:53:11.762  INFO 25176 --- [scheduling-1] c.a.tool.baijiahao.task.BaiJiaHaoTask    : 获取要上传的视频 videoInformationList=[]
2021-01-27 15:53:11.934  INFO 25176 --- [scheduling-1] c.a.tool.baijiahao.task.BaiJiaHaoTask    : 开始下载视频 videoInformationList=[]
2021-01-27 15:53:12.627  INFO 25176 --- [scheduling-1] c.a.tool.baijiahao.task.BaiJiaHaoTask    : 开始下载视频 videoInformationList=[]
2021-01-27 15:53:12.749  INFO 25176 --- [scheduling-1] c.a.tool.baijiahao.task.BaiJiaHaoTask    : 获取要上传的视频 videoInformationList=[]
2021-01-27 15:53:13.328  INFO 25176 --- [scheduling-1] c.a.tool.baijiahao.task.BaiJiaHaoTask    : 开始下载视频 videoInformationList=[]
2021-01-27 15:53:13.736  INFO 25176 --- [scheduling-1] c.a.tool.baijiahao.task.BaiJiaHaoTask    : 获取要上传的视频 videoInformationList=[]
2021-01-27 15:53:14.020  INFO 25176 --- [scheduling-1] c.a.tool.baijiahao.task.BaiJiaHaoTask    : 开始下载视频 videoInformationList=[]
2021-01-27 15:53:14.714  INFO 25176 --- [scheduling-1] c.a.tool.baijiahao.task.BaiJiaHaoTask    : 开始下载视频 videoInformationList=[]
2021-01-27 15:53:15.104  INFO 25176 --- [scheduling-1] c.a.tool.baijiahao.task.BaiJiaHaoTask    : 获取要上传的视频 videoInformationList=[]
2021-01-27 15:53:15.402  INFO 25176 --- [scheduling-1] c.a.tool.baijiahao.task.BaiJiaHaoTask    : 开始下载视频 videoInformationList=[]
2021-01-27 15:53:16.717  INFO 25176 --- [scheduling-1] c.a.tool.baijiahao.task.BaiJiaHaoTask    : 开始下载视频 videoInformationList=[]
2021-01-27 15:53:17.166  INFO 25176 --- [scheduling-1] c.a.tool.baijiahao.task.BaiJiaHaoTask    : 获取要上传的视频 videoInformationList=[]
2021-01-27 15:53:17.407  INFO 25176 --- [scheduling-1] c.a.tool.baijiahao.task.BaiJiaHaoTask    : 开始下载视频 videoInformationList=[]
2021-01-27 15:53:18.416  INFO 25176 --- [scheduling-1] c.a.tool.baijiahao.task.BaiJiaHaoTask    : 开始下载视频 videoInformationList=[]
2021-01-27 15:53:18.495  INFO 25176 --- [scheduling-1] c.a.tool.baijiahao.task.BaiJiaHaoTask    : 获取要上传的视频 videoInformationList=[]
2021-01-27 15:53:19.102  INFO 25176 --- [scheduling-1] c.a.tool.baijiahao.task.BaiJiaHaoTask    : 开始下载视频 videoInformationList=[]
2021-01-27 15:53:19.489  INFO 25176 --- [scheduling-1] c.a.tool.baijiahao.task.BaiJiaHaoTask    : 获取要上传的视频 videoInformationList=[]
2021-01-27 15:53:20.104  INFO 25176 --- [scheduling-1] c.a.tool.baijiahao.task.BaiJiaHaoTask    : 开始下载视频 videoInformationList=[]
2021-01-27 15:53:21.106  INFO 25176 --- [scheduling-1] c.a.tool.baijiahao.task.BaiJiaHaoTask    : 获取要上传的视频 videoInformationList=[]
2021-01-27 15:53:23.727  INFO 25176 --- [scheduling-1] c.a.tool.baijiahao.task.BaiJiaHaoTask    : 开始下载视频 videoInformationList=[]
2021-01-27 15:53:23.807  INFO 25176 --- [scheduling-1] c.a.tool.baijiahao.task.BaiJiaHaoTask    : 获取要上传的视频 videoInformationList=[]
2021-01-27 15:53:24.419  INFO 25176 --- [scheduling-1] c.a.tool.baijiahao.task.BaiJiaHaoTask    : 开始下载视频 videoInformationList=[]
2021-01-27 15:53:24.790  INFO 25176 --- [scheduling-1] c.a.tool.baijiahao.task.BaiJiaHaoTask    : 获取要上传的视频 videoInformationList=[]
2021-01-27 15:53:25.101  INFO 25176 --- [scheduling-1] c.a.tool.baijiahao.task.BaiJiaHaoTask    : 开始下载视频 videoInformationList=[]
2021-01-27 15:53:26.090  INFO 25176 --- [scheduling-1] c.a.tool.baijiahao.task.BaiJiaHaoTask    : 获取要上传的视频 videoInformationList=[]
2021-01-27 15:53:26.810  INFO 25176 --- [scheduling-1] c.a.tool.baijiahao.task.BaiJiaHaoTask    : 开始下载视频 videoInformationList=[]
2021-01-27 15:53:27.080  INFO 25176 --- [scheduling-1] c.a.tool.baijiahao.task.BaiJiaHaoTask    : 获取要上传的视频 videoInformationList=[]
2021-01-27 15:53:27.504  INFO 25176 --- [scheduling-1] c.a.tool.baijiahao.task.BaiJiaHaoTask    : 开始下载视频 videoInformationList=[]
2021-01-27 15:53:28.061  INFO 25176 --- [scheduling-1] c.a.tool.baijiahao.task.BaiJiaHaoTask    : 获取要上传的视频 videoInformationList=[]
2021-01-27 15:53:28.505  INFO 25176 --- [scheduling-1] c.a.tool.baijiahao.task.BaiJiaHaoTask    : 开始下载视频 videoInformationList=[]
2021-01-27 15:53:29.045  INFO 25176 --- [scheduling-1] c.a.tool.baijiahao.task.BaiJiaHaoTask    : 获取要上传的视频 videoInformationList=[]
2021-01-27 15:53:29.185  INFO 25176 --- [scheduling-1] c.a.tool.baijiahao.task.BaiJiaHaoTask    : 开始下载视频 videoInformationList=[]
2021-01-27 15:53:30.853  INFO 25176 --- [scheduling-1] c.a.tool.baijiahao.task.BaiJiaHaoTask    : 开始下载视频 videoInformationList=[]
2021-01-27 15:53:30.936  INFO 25176 --- [scheduling-1] c.a.tool.baijiahao.task.BaiJiaHaoTask    : 获取要上传的视频 videoInformationList=[]
2021-01-27 15:53:31.554  INFO 25176 --- [scheduling-1] c.a.tool.baijiahao.task.BaiJiaHaoTask    : 开始下载视频 videoInformationList=[]
2021-01-27 15:53:31.941  INFO 25176 --- [scheduling-1] c.a.tool.baijiahao.task.BaiJiaHaoTask    : 获取要上传的视频 videoInformationList=[]
2021-01-27 15:53:32.563  INFO 25176 --- [scheduling-1] c.a.tool.baijiahao.task.BaiJiaHaoTask    : 开始下载视频 videoInformationList=[]
2021-01-27 15:53:32.927  INFO 25176 --- [scheduling-1] c.a.tool.baijiahao.task.BaiJiaHaoTask    : 获取要上传的视频 videoInformationList=[]
2021-01-27 15:53:33.248  INFO 25176 --- [scheduling-1] c.a.tool.baijiahao.task.BaiJiaHaoTask    : 开始下载视频 videoInformationList=[]
2021-01-27 15:53:33.908  INFO 25176 --- [scheduling-1] c.a.tool.baijiahao.task.BaiJiaHaoTask    : 获取要上传的视频 videoInformationList=[]
2021-01-27 15:53:33.988  INFO 25176 --- [scheduling-1] c.a.tool.baijiahao.task.BaiJiaHaoTask    : 开始下载视频 videoInformationList=[]
2021-01-27 15:53:34.989  INFO 25176 --- [scheduling-1] c.a.tool.baijiahao.task.BaiJiaHaoTask    : 开始下载视频 videoInformationList=[]
2021-01-27 15:53:35.070  INFO 25176 --- [scheduling-1] c.a.tool.baijiahao.task.BaiJiaHaoTask    : 获取要上传的视频 videoInformationList=[]
2021-01-27 15:53:36.014  INFO 25176 --- [scheduling-1] c.a.tool.baijiahao.task.BaiJiaHaoTask    : 开始下载视频 videoInformationList=[]
2021-01-27 15:53:36.744  INFO 25176 --- [scheduling-1] c.a.tool.baijiahao.task.BaiJiaHaoTask    : 获取要上传的视频 videoInformationList=[]
2021-01-27 15:53:36.829  INFO 25176 --- [scheduling-1] c.a.tool.baijiahao.task.BaiJiaHaoTask    : 开始下载视频 videoInformationList=[]
2021-01-27 15:53:38.488  INFO 25176 --- [scheduling-1] c.a.tool.baijiahao.task.BaiJiaHaoTask    : 开始下载视频 videoInformationList=[]
2021-01-27 15:53:38.961  INFO 25176 --- [scheduling-1] c.a.tool.baijiahao.task.BaiJiaHaoTask    : 获取要上传的视频 videoInformationList=[]
2021-01-27 15:53:40.473  INFO 25176 --- [scheduling-1] c.a.tool.baijiahao.task.BaiJiaHaoTask    : 开始下载视频 videoInformationList=[]
2021-01-27 15:53:42.231  INFO 25176 --- [scheduling-1] c.a.tool.baijiahao.task.BaiJiaHaoTask    : 获取要上传的视频 videoInformationList=[]
2021-01-27 15:53:42.311  INFO 25176 --- [scheduling-1] c.a.tool.baijiahao.task.BaiJiaHaoTask    : 开始下载视频 videoInformationList=[]
2021-01-27 15:53:43.000  INFO 25176 --- [scheduling-1] c.a.tool.baijiahao.task.BaiJiaHaoTask    : 开始下载视频 videoInformationList=[]
2021-01-27 15:53:43.541  INFO 25176 --- [scheduling-1] c.a.tool.baijiahao.task.BaiJiaHaoTask    : 获取要上传的视频 videoInformationList=[]
2021-01-27 15:53:43.683  INFO 25176 --- [scheduling-1] c.a.tool.baijiahao.task.BaiJiaHaoTask    : 开始下载视频 videoInformationList=[]
2021-01-27 15:53:44.721  INFO 25176 --- [scheduling-1] c.a.tool.baijiahao.task.BaiJiaHaoTask    : 开始下载视频 videoInformationList=[]
2021-01-27 15:53:44.801  INFO 25176 --- [scheduling-1] c.a.tool.baijiahao.task.BaiJiaHaoTask    : 获取要上传的视频 videoInformationList=[]
2021-01-27 15:53:45.402  INFO 25176 --- [scheduling-1] c.a.tool.baijiahao.task.BaiJiaHaoTask    : 开始下载视频 videoInformationList=[]
2021-01-27 15:53:45.793  INFO 25176 --- [scheduling-1] c.a.tool.baijiahao.task.BaiJiaHaoTask    : 获取要上传的视频 videoInformationList=[]
